# JRE version: OpenJDK Runtime Environment Corretto-11.0.14.10.1 (11.0.14.1+10) (build 11.0.14.1+10-LTS)
# Java VM: OpenJDK 64-Bit Server VM Corretto-11.0.14.10.1 (11.0.14.1+10-LTS, mixed mode, tiered, compressed oops, g1 gc, windows-amd64)
Heap:
 garbage-first heap   total 321536K, used 42942K [0x00000000c3400000, 0x0000000100000000)
  region size 1024K, 9 young (9216K), 9 survivors (9216K)
 Metaspace       used 11065K, capacity 11324K, committed 11648K, reserved 1060864K
  class space    used 976K, capacity 1044K, committed 1152K, reserved 1048576K
GC Heap History (20 events):
Event: 3.663 GC heap after
{Heap after GC invocations=7 (full 0):
 garbage-first heap   total 76800K, used 12244K [0x00000000c3400000, 0x0000000100000000)
  region size 1024K, 5 young (5120K), 5 survivors (5120K)
 Metaspace       used 10781K, capacity 10995K, committed 11136K, reserved 1058816K
  class space    used 967K, capacity 1042K, committed 1152K, reserved 1048576K
}
Event: 3.898 GC heap before
{Heap before GC invocations=7 (full 0):
 garbage-first heap   total 76800K, used 53204K [0x00000000c3400000, 0x0000000100000000)
  region size 1024K, 45 young (46080K), 5 survivors (5120K)
 Metaspace       used 10809K, capacity 10997K, committed 11136K, reserved 1058816K
  class space    used 967K, capacity 1042K, committed 1152K, reserved 1048576K
}
Event: 3.916 GC heap after
{Heap after GC invocations=8 (full 0):
 garbage-first heap   total 76800K, used 14102K [0x00000000c3400000, 0x0000000100000000)
  region size 1024K, 5 young (5120K), 5 survivors (5120K)
 Metaspace       used 10809K, capacity 10997K, committed 11136K, reserved 1058816K
  class space    used 967K, capacity 1042K, committed 1152K, reserved 1048576K
}
Event: 4.031 GC heap before
{Heap before GC invocations=8 (full 0):
 garbage-first heap   total 76800K, used 55062K [0x00000000c3400000, 0x0000000100000000)
  region size 1024K, 45 young (46080K), 5 survivors (5120K)
 Metaspace       used 10821K, capacity 11061K, committed 11392K, reserved 1058816K
  class space    used 967K, capacity 1042K, committed 1152K, reserved 1048576K
}
Event: 4.054 GC heap after
{Heap after GC invocations=9 (full 0):
 garbage-first heap   total 101376K, used 16705K [0x00000000c3400000, 0x0000000100000000)
  region size 1024K, 5 young (5120K), 5 survivors (5120K)
 Metaspace       used 10821K, capacity 11061K, committed 11392K, reserved 1058816K
  class space    used 967K, capacity 1042K, committed 1152K, reserved 1048576K
}
Event: 4.393 GC heap before
{Heap before GC invocations=9 (full 0):
 garbage-first heap   total 101376K, used 69953K [0x00000000c3400000, 0x0000000100000000)
  region size 1024K, 57 young (58368K), 5 survivors (5120K)
 Metaspace       used 10931K, capacity 11195K, committed 11392K, reserved 1058816K
  class space    used 976K, capacity 1044K, committed 1152K, reserved 1048576K
}
Event: 4.416 GC heap after
{Heap after GC invocations=10 (full 0):
 garbage-first heap   total 101376K, used 18685K [0x00000000c3400000, 0x0000000100000000)
  region size 1024K, 5 young (5120K), 5 survivors (5120K)
 Metaspace       used 10931K, capacity 11195K, committed 11392K, reserved 1058816K
  class space    used 976K, capacity 1044K, committed 1152K, reserved 1048576K
}
Event: 4.621 GC heap before
{Heap before GC invocations=10 (full 0):
 garbage-first heap   total 101376K, used 72957K [0x00000000c3400000, 0x0000000100000000)
  region size 1024K, 58 young (59392K), 5 survivors (5120K)
 Metaspace       used 10952K, capacity 11195K, committed 11392K, reserved 1058816K
  class space    used 976K, capacity 1044K, committed 1152K, reserved 1048576K
}
Event: 4.647 GC heap after
{Heap after GC invocations=11 (full 0):
 garbage-first heap   total 101376K, used 21574K [0x00000000c3400000, 0x0000000100000000)
  region size 1024K, 6 young (6144K), 6 survivors (6144K)
 Metaspace       used 10952K, capacity 11195K, committed 11392K, reserved 1058816K
  class space    used 976K, capacity 1044K, committed 1152K, reserved 1048576K
}
Event: 4.890 GC heap before
{Heap before GC invocations=11 (full 0):
 garbage-first heap   total 101376K, used 75846K [0x00000000c3400000, 0x0000000100000000)
  region size 1024K, 59 young (60416K), 6 survivors (6144K)
 Metaspace       used 10967K, capacity 11195K, committed 11392K, reserved 1058816K
  class space    used 976K, capacity 1044K, committed 1152K, reserved 1048576K
}
Event: 4.915 GC heap after
{Heap after GC invocations=12 (full 0):
 garbage-first heap   total 101376K, used 24264K [0x00000000c3400000, 0x0000000100000000)
  region size 1024K, 6 young (6144K), 6 survivors (6144K)
 Metaspace       used 10967K, capacity 11195K, committed 11392K, reserved 1058816K
  class space    used 976K, capacity 1044K, committed 1152K, reserved 1048576K
}
Event: 5.163 GC heap before
{Heap before GC invocations=12 (full 0):
 garbage-first heap   total 101376K, used 77512K [0x00000000c3400000, 0x0000000100000000)
  region size 1024K, 58 young (59392K), 6 survivors (6144K)
 Metaspace       used 10970K, capacity 11195K, committed 11392K, reserved 1058816K
  class space    used 976K, capacity 1044K, committed 1152K, reserved 1048576K
}
Event: 5.193 GC heap after
{Heap after GC invocations=13 (full 0):
 garbage-first heap   total 166912K, used 26336K [0x00000000c3400000, 0x0000000100000000)
  region size 1024K, 6 young (6144K), 6 survivors (6144K)
 Metaspace       used 10970K, capacity 11195K, committed 11392K, reserved 1058816K
  class space    used 976K, capacity 1044K, committed 1152K, reserved 1048576K
}
Event: 5.523 GC heap before
{Heap before GC invocations=13 (full 0):
 garbage-first heap   total 166912K, used 103136K [0x00000000c3400000, 0x0000000100000000)
  region size 1024K, 81 young (82944K), 6 survivors (6144K)
 Metaspace       used 10979K, capacity 11195K, committed 11392K, reserved 1058816K
  class space    used 976K, capacity 1044K, committed 1152K, reserved 1048576K
}
Event: 5.543 GC heap after
{Heap after GC invocations=14 (full 0):
 garbage-first heap   total 166912K, used 29595K [0x00000000c3400000, 0x0000000100000000)
  region size 1024K, 9 young (9216K), 9 survivors (9216K)
 Metaspace       used 10979K, capacity 11195K, committed 11392K, reserved 1058816K
  class space    used 976K, capacity 1044K, committed 1152K, reserved 1048576K
}
Event: 5.765 GC heap before
{Heap before GC invocations=14 (full 0):
 garbage-first heap   total 166912K, used 119707K [0x00000000c3400000, 0x0000000100000000)
  region size 1024K, 97 young (99328K), 9 survivors (9216K)
 Metaspace       used 11027K, capacity 11259K, committed 11392K, reserved 1058816K
  class space    used 976K, capacity 1044K, committed 1152K, reserved 1048576K
}
Event: 5.794 GC heap after
{Heap after GC invocations=15 (full 0):
 garbage-first heap   total 166912K, used 34968K [0x00000000c3400000, 0x0000000100000000)
  region size 1024K, 12 young (12288K), 12 survivors (12288K)
 Metaspace       used 11027K, capacity 11259K, committed 11392K, reserved 1058816K
  class space    used 976K, capacity 1044K, committed 1152K, reserved 1048576K
}
Event: 5.970 GC heap before
{Heap before GC invocations=15 (full 0):
 garbage-first heap   total 166912K, used 122008K [0x00000000c3400000, 0x0000000100000000)
  region size 1024K, 97 young (99328K), 12 survivors (12288K)
 Metaspace       used 11053K, capacity 11259K, committed 11392K, reserved 1058816K
  class space    used 976K, capacity 1044K, committed 1152K, reserved 1048576K
}
Event: 5.998 GC heap after
{Heap after GC invocations=16 (full 0):
 garbage-first heap   total 166912K, used 38915K [0x00000000c3400000, 0x0000000100000000)
  region size 1024K, 10 young (10240K), 10 survivors (10240K)
 Metaspace       used 11053K, capacity 11259K, committed 11392K, reserved 1058816K
  class space    used 976K, capacity 1044K, committed 1152K, reserved 1048576K
}
Event: 6.183 GC heap before
{Heap before GC invocations=16 (full 0):
 garbage-first heap   total 166912K, used 128003K [0x00000000c3400000, 0x0000000100000000)
  region size 1024K, 97 young (99328K), 10 survivors (10240K)
 Metaspace       used 11065K, capacity 11324K, committed 11648K, reserved 1060864K
  class space    used 976K, capacity 1044K, committed 1152K, reserved 1048576K
}

