# JRE version: OpenJDK Runtime Environment Corretto-11.0.14.10.1 (11.0.14.1+10) (build 11.0.14.1+10-LTS)
# Java VM: OpenJDK 64-Bit Server VM Corretto-11.0.14.10.1 (11.0.14.1+10-LTS, mixed mode, tiered, compressed oops, g1 gc, windows-amd64)
Heap:
 garbage-first heap   total 329728K, used 38970K [0x00000000c3400000, 0x0000000100000000)
  region size 1024K, 9 young (9216K), 9 survivors (9216K)
 Metaspace       used 11071K, capacity 11323K, committed 11648K, reserved 1060864K
  class space    used 976K, capacity 1044K, committed 1152K, reserved 1048576K
GC Heap History (20 events):
Event: 3.714 GC heap after
{Heap after GC invocations=7 (full 0):
 garbage-first heap   total 76800K, used 11236K [0x00000000c3400000, 0x0000000100000000)
  region size 1024K, 4 young (4096K), 4 survivors (4096K)
 Metaspace       used 10782K, capacity 10995K, committed 11136K, reserved 1058816K
  class space    used 967K, capacity 1042K, committed 1152K, reserved 1048576K
}
Event: 3.858 GC heap before
{Heap before GC invocations=7 (full 0):
 garbage-first heap   total 76800K, used 53220K [0x00000000c3400000, 0x0000000100000000)
  region size 1024K, 45 young (46080K), 4 survivors (4096K)
 Metaspace       used 10793K, capacity 10995K, committed 11136K, reserved 1058816K
  class space    used 967K, capacity 1042K, committed 1152K, reserved 1048576K
}
Event: 3.874 GC heap after
{Heap after GC invocations=8 (full 0):
 garbage-first heap   total 76800K, used 13026K [0x00000000c3400000, 0x0000000100000000)
  region size 1024K, 4 young (4096K), 4 survivors (4096K)
 Metaspace       used 10793K, capacity 10995K, committed 11136K, reserved 1058816K
  class space    used 967K, capacity 1042K, committed 1152K, reserved 1048576K
}
Event: 3.999 GC heap before
{Heap before GC invocations=8 (full 0):
 garbage-first heap   total 76800K, used 55010K [0x00000000c3400000, 0x0000000100000000)
  region size 1024K, 45 young (46080K), 4 survivors (4096K)
 Metaspace       used 10819K, capacity 11061K, committed 11392K, reserved 1058816K
  class space    used 967K, capacity 1042K, committed 1152K, reserved 1048576K
}
Event: 4.018 GC heap after
{Heap after GC invocations=9 (full 0):
 garbage-first heap   total 100352K, used 14711K [0x00000000c3400000, 0x0000000100000000)
  region size 1024K, 4 young (4096K), 4 survivors (4096K)
 Metaspace       used 10819K, capacity 11061K, committed 11392K, reserved 1058816K
  class space    used 967K, capacity 1042K, committed 1152K, reserved 1048576K
}
Event: 4.244 GC heap before
{Heap before GC invocations=9 (full 0):
 garbage-first heap   total 100352K, used 70007K [0x00000000c3400000, 0x0000000100000000)
  region size 1024K, 58 young (59392K), 4 survivors (4096K)
 Metaspace       used 10929K, capacity 11195K, committed 11392K, reserved 1058816K
  class space    used 976K, capacity 1044K, committed 1152K, reserved 1048576K
}
Event: 4.265 GC heap after
{Heap after GC invocations=10 (full 0):
 garbage-first heap   total 100352K, used 17792K [0x00000000c3400000, 0x0000000100000000)
  region size 1024K, 7 young (7168K), 7 survivors (7168K)
 Metaspace       used 10929K, capacity 11195K, committed 11392K, reserved 1058816K
  class space    used 976K, capacity 1044K, committed 1152K, reserved 1048576K
}
Event: 4.656 GC heap before
{Heap before GC invocations=10 (full 0):
 garbage-first heap   total 100352K, used 70016K [0x00000000c3400000, 0x0000000100000000)
  region size 1024K, 58 young (59392K), 7 survivors (7168K)
 Metaspace       used 10948K, capacity 11195K, committed 11392K, reserved 1058816K
  class space    used 976K, capacity 1044K, committed 1152K, reserved 1048576K
}
Event: 4.682 GC heap after
{Heap after GC invocations=11 (full 0):
 garbage-first heap   total 100352K, used 19383K [0x00000000c3400000, 0x0000000100000000)
  region size 1024K, 5 young (5120K), 5 survivors (5120K)
 Metaspace       used 10948K, capacity 11195K, committed 11392K, reserved 1058816K
  class space    used 976K, capacity 1044K, committed 1152K, reserved 1048576K
}
Event: 4.850 GC heap before
{Heap before GC invocations=11 (full 0):
 garbage-first heap   total 100352K, used 73655K [0x00000000c3400000, 0x0000000100000000)
  region size 1024K, 58 young (59392K), 5 survivors (5120K)
 Metaspace       used 10970K, capacity 11195K, committed 11392K, reserved 1058816K
  class space    used 976K, capacity 1044K, committed 1152K, reserved 1048576K
}
Event: 4.874 GC heap after
{Heap after GC invocations=12 (full 0):
 garbage-first heap   total 100352K, used 21689K [0x00000000c3400000, 0x0000000100000000)
  region size 1024K, 5 young (5120K), 5 survivors (5120K)
 Metaspace       used 10970K, capacity 11195K, committed 11392K, reserved 1058816K
  class space    used 976K, capacity 1044K, committed 1152K, reserved 1048576K
}
Event: 5.056 GC heap before
{Heap before GC invocations=12 (full 0):
 garbage-first heap   total 100352K, used 75961K [0x00000000c3400000, 0x0000000100000000)
  region size 1024K, 58 young (59392K), 5 survivors (5120K)
 Metaspace       used 10973K, capacity 11195K, committed 11392K, reserved 1058816K
  class space    used 976K, capacity 1044K, committed 1152K, reserved 1048576K
}
Event: 5.083 GC heap after
{Heap after GC invocations=13 (full 0):
 garbage-first heap   total 164864K, used 24723K [0x00000000c3400000, 0x0000000100000000)
  region size 1024K, 6 young (6144K), 6 survivors (6144K)
 Metaspace       used 10973K, capacity 11195K, committed 11392K, reserved 1058816K
  class space    used 976K, capacity 1044K, committed 1152K, reserved 1048576K
}
Event: 5.606 GC heap before
{Heap before GC invocations=13 (full 0):
 garbage-first heap   total 164864K, used 102547K [0x00000000c3400000, 0x0000000100000000)
  region size 1024K, 82 young (83968K), 6 survivors (6144K)
 Metaspace       used 10979K, capacity 11195K, committed 11392K, reserved 1058816K
  class space    used 976K, capacity 1044K, committed 1152K, reserved 1048576K
}
Event: 5.647 GC heap after
{Heap after GC invocations=14 (full 0):
 garbage-first heap   total 164864K, used 26846K [0x00000000c3400000, 0x0000000100000000)
  region size 1024K, 8 young (8192K), 8 survivors (8192K)
 Metaspace       used 10979K, capacity 11195K, committed 11392K, reserved 1058816K
  class space    used 976K, capacity 1044K, committed 1152K, reserved 1048576K
}
Event: 5.922 GC heap before
{Heap before GC invocations=14 (full 0):
 garbage-first heap   total 164864K, used 116958K [0x00000000c3400000, 0x0000000100000000)
  region size 1024K, 96 young (98304K), 8 survivors (8192K)
 Metaspace       used 10996K, capacity 11259K, committed 11392K, reserved 1058816K
  class space    used 976K, capacity 1044K, committed 1152K, reserved 1048576K
}
Event: 5.950 GC heap after
{Heap after GC invocations=15 (full 0):
 garbage-first heap   total 164864K, used 31080K [0x00000000c3400000, 0x0000000100000000)
  region size 1024K, 10 young (10240K), 10 survivors (10240K)
 Metaspace       used 10996K, capacity 11259K, committed 11392K, reserved 1058816K
  class space    used 976K, capacity 1044K, committed 1152K, reserved 1048576K
}
Event: 6.193 GC heap before
{Heap before GC invocations=15 (full 0):
 garbage-first heap   total 164864K, used 119144K [0x00000000c3400000, 0x0000000100000000)
  region size 1024K, 96 young (98304K), 10 survivors (10240K)
 Metaspace       used 11065K, capacity 11323K, committed 11648K, reserved 1060864K
  class space    used 976K, capacity 1044K, committed 1152K, reserved 1048576K
}
Event: 6.221 GC heap after
{Heap after GC invocations=16 (full 0):
 garbage-first heap   total 164864K, used 34868K [0x00000000c3400000, 0x0000000100000000)
  region size 1024K, 9 young (9216K), 9 survivors (9216K)
 Metaspace       used 11065K, capacity 11323K, committed 11648K, reserved 1060864K
  class space    used 976K, capacity 1044K, committed 1152K, reserved 1048576K
}
Event: 6.393 GC heap before
{Heap before GC invocations=16 (full 0):
 garbage-first heap   total 164864K, used 123956K [0x00000000c3400000, 0x0000000100000000)
  region size 1024K, 96 young (98304K), 9 survivors (9216K)
 Metaspace       used 11071K, capacity 11323K, committed 11648K, reserved 1060864K
  class space    used 976K, capacity 1044K, committed 1152K, reserved 1048576K
}

